13.09.2025 20:05:13 [INFO] (main.py: 163) - === START OF ETL PROCESS ===
13.09.2025 20:05:13 [INFO] (main.py: 44) - TESTING CONNECTION TO DATABASE...
13.09.2025 20:05:14 [INFO] (sql_connect3.py: 28) - Connection successful: True 
13.09.2025 20:05:14 [INFO] (sql_connect3.py: 33) - Connection closed.
13.09.2025 20:05:14 [INFO] (main.py: 46) - CONNECTION TEST SUCCESSFUL (0.27s).
13.09.2025 20:05:14 [INFO] (main.py: 53) - SCRAPING DATA START...
13.09.2025 20:05:14 [INFO] (reddit_scrapper1.py: 81) - Connecting to Reddit...
13.09.2025 20:05:14 [INFO] (reddit_scrapper1.py: 94) - Authenticated as: None
13.09.2025 20:05:14 [INFO] (reddit_scrapper1.py: 111) - Data collection start...
13.09.2025 20:05:39 [INFO] (reddit_scrapper1.py: 128) - Data collection end. 
13.09.2025 20:05:39 [INFO] (main.py: 60) - SCRAPING DATA SUCCESSFUL: 73 RECORDS (25.14s).
13.09.2025 20:05:39 [INFO] (main.py: 69) - DATA TRANSFORMATION START...
13.09.2025 20:05:39 [INFO] (transform2.py: 100) - Input is DataFrame - using directly
13.09.2025 20:05:39 [INFO] (transform2.py: 109) - Cleaning raw data...
13.09.2025 20:05:39 [INFO] (transform2.py: 113) - Renaming columns...
13.09.2025 20:05:39 [INFO] (transform2.py: 117) - Creating 'community' column...
13.09.2025 20:05:39 [INFO] (transform2.py: 121) - Creating 'date' and 'time' column...
13.09.2025 20:05:39 [INFO] (transform2.py: 125) - Creating 'target_post_id' column...
13.09.2025 20:05:39 [INFO] (transform2.py: 129) - Creating 'nr of replies' column...
13.09.2025 20:05:39 [INFO] (transform2.py: 133) - Ordering collumns...
13.09.2025 20:05:39 [INFO] (main.py: 71) - DATA TRANSFORMATION SUCCESSFUL (0.03s)...
13.09.2025 20:05:39 [INFO] (main.py: 78) - FILTERING NEW ROWS...
13.09.2025 20:05:39 [INFO] (main.py: 80) - length of known post_id: 128732
13.09.2025 20:05:40 [INFO] (main.py: 87) - FOUND (27) NEW ROWS (0.79s)
13.09.2025 20:05:40 [INFO] (main.py: 93) - ANONYMIZING USERNAMES...
13.09.2025 20:05:40 [INFO] (transform2.py: 185) - Using existing mapping with 39047 entries
13.09.2025 20:05:40 [INFO] (transform2.py: 201) - Found 4 new authors
13.09.2025 20:05:40 [INFO] (transform2.py: 226) - Anonymization complete. Total mappings: 39051
13.09.2025 20:05:40 [INFO] (main.py: 96) - HIDING ORIGINAL USERNAMES SUCCESSFULL.
13.09.2025 20:05:40 [INFO] (main.py: 103) - INSERTING INTO: 'Unique_authors'...
13.09.2025 20:05:40 [INFO] (sql_connect3.py: 94) - ✅ 4 records inserted into unique_authors.
13.09.2025 20:05:40 [INFO] (main.py: 121) - INSERTING INTO: 'reddit_posts'...
13.09.2025 20:05:40 [INFO] (sql_connect3.py: 94) - ✅ 27 records inserted into reddit_posts.
13.09.2025 20:05:40 [INFO] (main.py: 138) - RUNNING TOXICITY ANALYSIS ON NEW RECORDS...
13.09.2025 20:05:40 [INFO] (main.py: 140) - Analyzing 27 new posts for toxicity...
13.09.2025 20:05:41 [INFO] (main.py: 144) - TOXICITY ANALYSIS COMPLETE.
13.09.2025 20:05:41 [INFO] (main.py: 153) - INSERTING INTO: 'toxicity_results
13.09.2025 20:05:41 [INFO] (sql_connect3.py: 94) - ✅ 27 records inserted into toxicity_results.
13.09.2025 20:05:41 [INFO] (main.py: 184) - === END OF ETL PROCESS (27.65s) ===
15.09.2025 19:30:12 [INFO] (main.py: 164) - === START OF ETL PROCESS ===
15.09.2025 19:30:12 [INFO] (main.py: 44) - TESTING CONNECTION TO DATABASE...
15.09.2025 19:30:12 [INFO] (sql_connect3.py: 28) - Connection successful: True 
15.09.2025 19:30:12 [INFO] (sql_connect3.py: 33) - Connection closed.
15.09.2025 19:30:12 [INFO] (main.py: 46) - CONNECTION TEST SUCCESSFUL (0.11s).
15.09.2025 19:30:12 [INFO] (main.py: 53) - SCRAPING DATA START...
15.09.2025 19:30:12 [INFO] (reddit_scrapper1.py: 81) - Connecting to Reddit...
15.09.2025 19:30:12 [INFO] (reddit_scrapper1.py: 94) - Authenticated as: None
15.09.2025 19:30:12 [INFO] (reddit_scrapper1.py: 111) - Data collection start...
15.09.2025 19:31:15 [INFO] (main.py: 185) - === END OF ETL PROCESS (63.10s) ===
15.09.2025 20:05:07 [INFO] (main.py: 164) - === START OF ETL PROCESS ===
15.09.2025 20:05:07 [INFO] (main.py: 44) - TESTING CONNECTION TO DATABASE...
15.09.2025 20:05:07 [INFO] (sql_connect3.py: 28) - Connection successful: True 
15.09.2025 20:05:07 [INFO] (sql_connect3.py: 33) - Connection closed.
15.09.2025 20:05:07 [INFO] (main.py: 46) - CONNECTION TEST SUCCESSFUL (0.06s).
15.09.2025 20:05:07 [INFO] (main.py: 53) - SCRAPING DATA START...
15.09.2025 20:05:07 [INFO] (reddit_scrapper1.py: 81) - Connecting to Reddit...
15.09.2025 20:05:08 [INFO] (reddit_scrapper1.py: 94) - Authenticated as: None
15.09.2025 20:05:08 [INFO] (reddit_scrapper1.py: 111) - Data collection start...
15.09.2025 20:49:05 [INFO] (reddit_scrapper1.py: 128) - Data collection end. 
15.09.2025 20:49:05 [INFO] (main.py: 60) - SCRAPING DATA SUCCESSFUL: 20146 RECORDS (2637.29s).
15.09.2025 20:49:05 [INFO] (main.py: 69) - DATA TRANSFORMATION START...
15.09.2025 20:49:05 [INFO] (transform2.py: 100) - Input is DataFrame - using directly
15.09.2025 20:49:05 [INFO] (transform2.py: 109) - Cleaning raw data...
15.09.2025 20:49:05 [INFO] (transform2.py: 113) - Renaming columns...
15.09.2025 20:49:05 [INFO] (transform2.py: 117) - Creating 'community' column...
15.09.2025 20:49:05 [INFO] (transform2.py: 121) - Creating 'date' and 'time' column...
15.09.2025 20:49:05 [INFO] (transform2.py: 125) - Creating 'target_post_id' column...
15.09.2025 20:49:05 [INFO] (transform2.py: 129) - Creating 'nr of replies' column...
15.09.2025 20:49:05 [INFO] (transform2.py: 133) - Ordering collumns...
15.09.2025 20:49:05 [INFO] (main.py: 71) - DATA TRANSFORMATION SUCCESSFUL (0.31s)...
15.09.2025 20:49:05 [INFO] (main.py: 78) - FILTERING NEW ROWS...
15.09.2025 20:49:05 [INFO] (main.py: 80) - length of known post_id: 128759
15.09.2025 20:49:05 [INFO] (main.py: 87) - FOUND (123) NEW ROWS (0.39s)
15.09.2025 20:49:05 [INFO] (main.py: 93) - ANONYMIZING USERNAMES...
15.09.2025 20:49:06 [INFO] (transform2.py: 185) - Using existing mapping with 39051 entries
15.09.2025 20:49:06 [INFO] (transform2.py: 201) - Found 20 new authors
15.09.2025 20:49:06 [INFO] (transform2.py: 226) - Anonymization complete. Total mappings: 39071
15.09.2025 20:49:06 [INFO] (main.py: 96) - HIDING ORIGINAL USERNAMES SUCCESSFULL.
15.09.2025 20:49:06 [INFO] (main.py: 103) - INSERTING INTO: 'Unique_authors'...
15.09.2025 20:49:06 [INFO] (sql_connect3.py: 94) - ✅ 20 records inserted into unique_authors.
15.09.2025 20:49:06 [INFO] (main.py: 121) - INSERTING INTO: 'reddit_posts'...
15.09.2025 20:49:06 [INFO] (sql_connect3.py: 94) - ✅ 123 records inserted into reddit_posts.
15.09.2025 20:49:06 [INFO] (main.py: 138) - RUNNING TOXICITY ANALYSIS ON NEW RECORDS...
15.09.2025 20:49:06 [INFO] (main.py: 140) - Analyzing 123 new posts for toxicity...
15.09.2025 20:49:13 [INFO] (main.py: 144) - TOXICITY ANALYSIS COMPLETE.
15.09.2025 20:49:13 [INFO] (main.py: 154) - INSERTING INTO: 'toxicity_results
15.09.2025 20:49:13 [INFO] (sql_connect3.py: 94) - ✅ 123 records inserted into toxicity_results.
15.09.2025 20:49:13 [INFO] (main.py: 185) - === END OF ETL PROCESS (2645.45s) ===
